# JRE version: Java(TM) SE Runtime Environment (8.0_161-b12) (build 1.8.0_161-b12)
# Java VM: Java HotSpot(TM) 64-Bit Server VM (25.161-b12 mixed mode windows-amd64 compressed oops)
Heap:
 PSYoungGen      total 31744K, used 7133K [0x000000076b000000, 0x000000076d300000, 0x00000007c0000000)
  eden space 31232K, 22% used [0x000000076b000000,0x000000076b6b76e8,0x000000076ce80000)
  from space 512K, 50% used [0x000000076d280000,0x000000076d2c0000,0x000000076d300000)
  to   space 512K, 0% used [0x000000076d200000,0x000000076d200000,0x000000076d280000)
 ParOldGen       total 175104K, used 71857K [0x00000006c1000000, 0x00000006cbb00000, 0x000000076b000000)
  object space 175104K, 41% used [0x00000006c1000000,0x00000006c562c450,0x00000006cbb00000)
 Metaspace       used 5428K, capacity 6033K, committed 6272K, reserved 1056768K
  class space    used 567K, capacity 595K, committed 640K, reserved 1048576K
GC Heap History (10 events):
Event: 154630.459 GC heap before
{Heap before GC invocations=710 (full 0):
 PSYoungGen      total 31744K, used 31488K [0x000000076b000000, 0x000000076d300000, 0x00000007c0000000)
  eden space 31232K, 100% used [0x000000076b000000,0x000000076ce80000,0x000000076ce80000)
  from space 512K, 50% used [0x000000076d200000,0x000000076d240000,0x000000076d280000)
  to   space 512K, 0% used [0x000000076d280000,0x000000076d280000,0x000000076d300000)
 ParOldGen       total 175104K, used 71401K [0x00000006c1000000, 0x00000006cbb00000, 0x000000076b000000)
  object space 175104K, 40% used [0x00000006c1000000,0x00000006c55ba450,0x00000006cbb00000)
 Metaspace       used 5428K, capacity 6033K, committed 6272K, reserved 1056768K
  class space    used 567K, capacity 595K, committed 640K, reserved 1048576K
Event: 154630.459 GC heap after
Heap after GC invocations=710 (full 0):
 PSYoungGen      total 31744K, used 256K [0x000000076b000000, 0x000000076d300000, 0x00000007c0000000)
  eden space 31232K, 0% used [0x000000076b000000,0x000000076b000000,0x000000076ce80000)
  from space 512K, 50% used [0x000000076d280000,0x000000076d2c0000,0x000000076d300000)
  to   space 512K, 0% used [0x000000076d200000,0x000000076d200000,0x000000076d280000)
 ParOldGen       total 175104K, used 71481K [0x00000006c1000000, 0x00000006cbb00000, 0x000000076b000000)
  object space 175104K, 40% used [0x00000006c1000000,0x00000006c55ce450,0x00000006cbb00000)
 Metaspace       used 5428K, capacity 6033K, committed 6272K, reserved 1056768K
  class space    used 567K, capacity 595K, committed 640K, reserved 1048576K
}
Event: 154730.206 GC heap before
{Heap before GC invocations=711 (full 0):
 PSYoungGen      total 31744K, used 31488K [0x000000076b000000, 0x000000076d300000, 0x00000007c0000000)
  eden space 31232K, 100% used [0x000000076b000000,0x000000076ce80000,0x000000076ce80000)
  from space 512K, 50% used [0x000000076d280000,0x000000076d2c0000,0x000000076d300000)
  to   space 512K, 0% used [0x000000076d200000,0x000000076d200000,0x000000076d280000)
 ParOldGen       total 175104K, used 71481K [0x00000006c1000000, 0x00000006cbb00000, 0x000000076b000000)
  object space 175104K, 40% used [0x00000006c1000000,0x00000006c55ce450,0x00000006cbb00000)
 Metaspace       used 5428K, capacity 6033K, committed 6272K, reserved 1056768K
  class space    used 567K, capacity 595K, committed 640K, reserved 1048576K
Event: 154730.207 GC heap after
Heap after GC invocations=711 (full 0):
 PSYoungGen      total 31744K, used 256K [0x000000076b000000, 0x000000076d300000, 0x00000007c0000000)
  eden space 31232K, 0% used [0x000000076b000000,0x000000076b000000,0x000000076ce80000)
  from space 512K, 50% used [0x000000076d200000,0x000000076d240000,0x000000076d280000)
  to   space 512K, 0% used [0x000000076d280000,0x000000076d280000,0x000000076d300000)
 ParOldGen       total 175104K, used 71577K [0x00000006c1000000, 0x00000006cbb00000, 0x000000076b000000)
  object space 175104K, 40% used [0x00000006c1000000,0x00000006c55e6450,0x00000006cbb00000)
 Metaspace       used 5428K, capacity 6033K, committed 6272K, reserved 1056768K
  class space    used 567K, capacity 595K, committed 640K, reserved 1048576K
}
Event: 154832.113 GC heap before
{Heap before GC invocations=712 (full 0):
 PSYoungGen      total 31744K, used 31488K [0x000000076b000000, 0x000000076d300000, 0x00000007c0000000)
  eden space 31232K, 100% used [0x000000076b000000,0x000000076ce80000,0x000000076ce80000)
  from space 512K, 50% used [0x000000076d200000,0x000000076d240000,0x000000076d280000)
  to   space 512K, 0% used [0x000000076d280000,0x000000076d280000,0x000000076d300000)
 ParOldGen       total 175104K, used 71577K [0x00000006c1000000, 0x00000006cbb00000, 0x000000076b000000)
  object space 175104K, 40% used [0x00000006c1000000,0x00000006c55e6450,0x00000006cbb00000)
 Metaspace       used 5428K, capacity 6033K, committed 6272K, reserved 1056768K
  class space    used 567K, capacity 595K, committed 640K, reserved 1048576K
Event: 154832.114 GC heap after
Heap after GC invocations=712 (full 0):
 PSYoungGen      total 31744K, used 256K [0x000000076b000000, 0x000000076d300000, 0x00000007c0000000)
  eden space 31232K, 0% used [0x000000076b000000,0x000000076b000000,0x000000076ce80000)
  from space 512K, 50% used [0x000000076d280000,0x000000076d2c0000,0x000000076d300000)
  to   space 512K, 0% used [0x000000076d200000,0x000000076d200000,0x000000076d280000)
 ParOldGen       total 175104K, used 71665K [0x00000006c1000000, 0x00000006cbb00000, 0x000000076b000000)
  object space 175104K, 40% used [0x00000006c1000000,0x00000006c55fc450,0x00000006cbb00000)
 Metaspace       used 5428K, capacity 6033K, committed 6272K, reserved 1056768K
  class space    used 567K, capacity 595K, committed 640K, reserved 1048576K
}
Event: 154937.019 GC heap before
{Heap before GC invocations=713 (full 0):
 PSYoungGen      total 31744K, used 31488K [0x000000076b000000, 0x000000076d300000, 0x00000007c0000000)
  eden space 31232K, 100% used [0x000000076b000000,0x000000076ce80000,0x000000076ce80000)
  from space 512K, 50% used [0x000000076d280000,0x000000076d2c0000,0x000000076d300000)
  to   space 512K, 0% used [0x000000076d200000,0x000000076d200000,0x000000076d280000)
 ParOldGen       total 175104K, used 71665K [0x00000006c1000000, 0x00000006cbb00000, 0x000000076b000000)
  object space 175104K, 40% used [0x00000006c1000000,0x00000006c55fc450,0x00000006cbb00000)
 Metaspace       used 5428K, capacity 6033K, committed 6272K, reserved 1056768K
  class space    used 567K, capacity 595K, committed 640K, reserved 1048576K
Event: 154937.019 GC heap after
Heap after GC invocations=713 (full 0):
 PSYoungGen      total 31744K, used 256K [0x000000076b000000, 0x000000076d300000, 0x00000007c0000000)
  eden space 31232K, 0% used [0x000000076b000000,0x000000076b000000,0x000000076ce80000)
  from space 512K, 50% used [0x000000076d200000,0x000000076d240000,0x000000076d280000)
  to   space 512K, 0% used [0x000000076d280000,0x000000076d280000,0x000000076d300000)
 ParOldGen       total 175104K, used 71761K [0x00000006c1000000, 0x00000006cbb00000, 0x000000076b000000)
  object space 175104K, 40% used [0x00000006c1000000,0x00000006c5614450,0x00000006cbb00000)
 Metaspace       used 5428K, capacity 6033K, committed 6272K, reserved 1056768K
  class space    used 567K, capacity 595K, committed 640K, reserved 1048576K
}
Event: 155038.664 GC heap before
{Heap before GC invocations=714 (full 0):
 PSYoungGen      total 31744K, used 31488K [0x000000076b000000, 0x000000076d300000, 0x00000007c0000000)
  eden space 31232K, 100% used [0x000000076b000000,0x000000076ce80000,0x000000076ce80000)
  from space 512K, 50% used [0x000000076d200000,0x000000076d240000,0x000000076d280000)
  to   space 512K, 0% used [0x000000076d280000,0x000000076d280000,0x000000076d300000)
 ParOldGen       total 175104K, used 71761K [0x00000006c1000000, 0x00000006cbb00000, 0x000000076b000000)
  object space 175104K, 40% used [0x00000006c1000000,0x00000006c5614450,0x00000006cbb00000)
 Metaspace       used 5428K, capacity 6033K, committed 6272K, reserved 1056768K
  class space    used 567K, capacity 595K, committed 640K, reserved 1048576K
Event: 155038.665 GC heap after
Heap after GC invocations=714 (full 0):
 PSYoungGen      total 31744K, used 256K [0x000000076b000000, 0x000000076d300000, 0x00000007c0000000)
  eden space 31232K, 0% used [0x000000076b000000,0x000000076b000000,0x000000076ce80000)
  from space 512K, 50% used [0x000000076d280000,0x000000076d2c0000,0x000000076d300000)
  to   space 512K, 0% used [0x000000076d200000,0x000000076d200000,0x000000076d280000)
 ParOldGen       total 175104K, used 71857K [0x00000006c1000000, 0x00000006cbb00000, 0x000000076b000000)
  object space 175104K, 41% used [0x00000006c1000000,0x00000006c562c450,0x00000006cbb00000)
 Metaspace       used 5428K, capacity 6033K, committed 6272K, reserved 1056768K
  class space    used 567K, capacity 595K, committed 640K, reserved 1048576K
}

