# JRE version: Java(TM) SE Runtime Environment (8.0_161-b12) (build 1.8.0_161-b12)
# Java VM: Java HotSpot(TM) 64-Bit Server VM (25.161-b12 mixed mode windows-amd64 compressed oops)
Heap:
 PSYoungGen      total 31744K, used 14601K [0x000000076b000000, 0x000000076d300000, 0x00000007c0000000)
  eden space 31232K, 46% used [0x000000076b000000,0x000000076be0a480,0x000000076ce80000)
  from space 512K, 43% used [0x000000076d280000,0x000000076d2b8000,0x000000076d300000)
  to   space 512K, 0% used [0x000000076d200000,0x000000076d200000,0x000000076d280000)
 ParOldGen       total 175104K, used 84459K [0x00000006c1000000, 0x00000006cbb00000, 0x000000076b000000)
  object space 175104K, 48% used [0x00000006c1000000,0x00000006c627ad20,0x00000006cbb00000)
 Metaspace       used 5427K, capacity 5969K, committed 6016K, reserved 1056768K
  class space    used 567K, capacity 595K, committed 640K, reserved 1048576K
GC Heap History (10 events):
Event: 188776.297 GC heap before
{Heap before GC invocations=858 (full 0):
 PSYoungGen      total 31744K, used 31456K [0x000000076b000000, 0x000000076d300000, 0x00000007c0000000)
  eden space 31232K, 100% used [0x000000076b000000,0x000000076ce80000,0x000000076ce80000)
  from space 512K, 43% used [0x000000076d200000,0x000000076d238000,0x000000076d280000)
  to   space 512K, 0% used [0x000000076d280000,0x000000076d280000,0x000000076d300000)
 ParOldGen       total 175104K, used 84027K [0x00000006c1000000, 0x00000006cbb00000, 0x000000076b000000)
  object space 175104K, 47% used [0x00000006c1000000,0x00000006c620ed20,0x00000006cbb00000)
 Metaspace       used 5427K, capacity 5969K, committed 6016K, reserved 1056768K
  class space    used 567K, capacity 595K, committed 640K, reserved 1048576K
Event: 188776.299 GC heap after
Heap after GC invocations=858 (full 0):
 PSYoungGen      total 31744K, used 256K [0x000000076b000000, 0x000000076d300000, 0x00000007c0000000)
  eden space 31232K, 0% used [0x000000076b000000,0x000000076b000000,0x000000076ce80000)
  from space 512K, 50% used [0x000000076d280000,0x000000076d2c0000,0x000000076d300000)
  to   space 512K, 0% used [0x000000076d200000,0x000000076d200000,0x000000076d280000)
 ParOldGen       total 175104K, used 84123K [0x00000006c1000000, 0x00000006cbb00000, 0x000000076b000000)
  object space 175104K, 48% used [0x00000006c1000000,0x00000006c6226d20,0x00000006cbb00000)
 Metaspace       used 5427K, capacity 5969K, committed 6016K, reserved 1056768K
  class space    used 567K, capacity 595K, committed 640K, reserved 1048576K
}
Event: 188878.267 GC heap before
{Heap before GC invocations=859 (full 0):
 PSYoungGen      total 31744K, used 31488K [0x000000076b000000, 0x000000076d300000, 0x00000007c0000000)
  eden space 31232K, 100% used [0x000000076b000000,0x000000076ce80000,0x000000076ce80000)
  from space 512K, 50% used [0x000000076d280000,0x000000076d2c0000,0x000000076d300000)
  to   space 512K, 0% used [0x000000076d200000,0x000000076d200000,0x000000076d280000)
 ParOldGen       total 175104K, used 84123K [0x00000006c1000000, 0x00000006cbb00000, 0x000000076b000000)
  object space 175104K, 48% used [0x00000006c1000000,0x00000006c6226d20,0x00000006cbb00000)
 Metaspace       used 5427K, capacity 5969K, committed 6016K, reserved 1056768K
  class space    used 567K, capacity 595K, committed 640K, reserved 1048576K
Event: 188878.268 GC heap after
Heap after GC invocations=859 (full 0):
 PSYoungGen      total 31744K, used 192K [0x000000076b000000, 0x000000076d300000, 0x00000007c0000000)
  eden space 31232K, 0% used [0x000000076b000000,0x000000076b000000,0x000000076ce80000)
  from space 512K, 37% used [0x000000076d200000,0x000000076d230000,0x000000076d280000)
  to   space 512K, 0% used [0x000000076d280000,0x000000076d280000,0x000000076d300000)
 ParOldGen       total 175104K, used 84195K [0x00000006c1000000, 0x00000006cbb00000, 0x000000076b000000)
  object space 175104K, 48% used [0x00000006c1000000,0x00000006c6238d20,0x00000006cbb00000)
 Metaspace       used 5427K, capacity 5969K, committed 6016K, reserved 1056768K
  class space    used 567K, capacity 595K, committed 640K, reserved 1048576K
}
Event: 188973.295 GC heap before
{Heap before GC invocations=860 (full 0):
 PSYoungGen      total 31744K, used 31424K [0x000000076b000000, 0x000000076d300000, 0x00000007c0000000)
  eden space 31232K, 100% used [0x000000076b000000,0x000000076ce80000,0x000000076ce80000)
  from space 512K, 37% used [0x000000076d200000,0x000000076d230000,0x000000076d280000)
  to   space 512K, 0% used [0x000000076d280000,0x000000076d280000,0x000000076d300000)
 ParOldGen       total 175104K, used 84195K [0x00000006c1000000, 0x00000006cbb00000, 0x000000076b000000)
  object space 175104K, 48% used [0x00000006c1000000,0x00000006c6238d20,0x00000006cbb00000)
 Metaspace       used 5427K, capacity 5969K, committed 6016K, reserved 1056768K
  class space    used 567K, capacity 595K, committed 640K, reserved 1048576K
Event: 188973.296 GC heap after
Heap after GC invocations=860 (full 0):
 PSYoungGen      total 31744K, used 256K [0x000000076b000000, 0x000000076d300000, 0x00000007c0000000)
  eden space 31232K, 0% used [0x000000076b000000,0x000000076b000000,0x000000076ce80000)
  from space 512K, 50% used [0x000000076d280000,0x000000076d2c0000,0x000000076d300000)
  to   space 512K, 0% used [0x000000076d200000,0x000000076d200000,0x000000076d280000)
 ParOldGen       total 175104K, used 84283K [0x00000006c1000000, 0x00000006cbb00000, 0x000000076b000000)
  object space 175104K, 48% used [0x00000006c1000000,0x00000006c624ed20,0x00000006cbb00000)
 Metaspace       used 5427K, capacity 5969K, committed 6016K, reserved 1056768K
  class space    used 567K, capacity 595K, committed 640K, reserved 1048576K
}
Event: 189076.995 GC heap before
{Heap before GC invocations=861 (full 0):
 PSYoungGen      total 31744K, used 31488K [0x000000076b000000, 0x000000076d300000, 0x00000007c0000000)
  eden space 31232K, 100% used [0x000000076b000000,0x000000076ce80000,0x000000076ce80000)
  from space 512K, 50% used [0x000000076d280000,0x000000076d2c0000,0x000000076d300000)
  to   space 512K, 0% used [0x000000076d200000,0x000000076d200000,0x000000076d280000)
 ParOldGen       total 175104K, used 84283K [0x00000006c1000000, 0x00000006cbb00000, 0x000000076b000000)
  object space 175104K, 48% used [0x00000006c1000000,0x00000006c624ed20,0x00000006cbb00000)
 Metaspace       used 5427K, capacity 5969K, committed 6016K, reserved 1056768K
  class space    used 567K, capacity 595K, committed 640K, reserved 1048576K
Event: 189076.996 GC heap after
Heap after GC invocations=861 (full 0):
 PSYoungGen      total 31744K, used 224K [0x000000076b000000, 0x000000076d300000, 0x00000007c0000000)
  eden space 31232K, 0% used [0x000000076b000000,0x000000076b000000,0x000000076ce80000)
  from space 512K, 43% used [0x000000076d200000,0x000000076d238000,0x000000076d280000)
  to   space 512K, 0% used [0x000000076d280000,0x000000076d280000,0x000000076d300000)
 ParOldGen       total 175104K, used 84363K [0x00000006c1000000, 0x00000006cbb00000, 0x000000076b000000)
  object space 175104K, 48% used [0x00000006c1000000,0x00000006c6262d20,0x00000006cbb00000)
 Metaspace       used 5427K, capacity 5969K, committed 6016K, reserved 1056768K
  class space    used 567K, capacity 595K, committed 640K, reserved 1048576K
}
Event: 189171.732 GC heap before
{Heap before GC invocations=862 (full 0):
 PSYoungGen      total 31744K, used 31456K [0x000000076b000000, 0x000000076d300000, 0x00000007c0000000)
  eden space 31232K, 100% used [0x000000076b000000,0x000000076ce80000,0x000000076ce80000)
  from space 512K, 43% used [0x000000076d200000,0x000000076d238000,0x000000076d280000)
  to   space 512K, 0% used [0x000000076d280000,0x000000076d280000,0x000000076d300000)
 ParOldGen       total 175104K, used 84363K [0x00000006c1000000, 0x00000006cbb00000, 0x000000076b000000)
  object space 175104K, 48% used [0x00000006c1000000,0x00000006c6262d20,0x00000006cbb00000)
 Metaspace       used 5427K, capacity 5969K, committed 6016K, reserved 1056768K
  class space    used 567K, capacity 595K, committed 640K, reserved 1048576K
Event: 189171.733 GC heap after
Heap after GC invocations=862 (full 0):
 PSYoungGen      total 31744K, used 224K [0x000000076b000000, 0x000000076d300000, 0x00000007c0000000)
  eden space 31232K, 0% used [0x000000076b000000,0x000000076b000000,0x000000076ce80000)
  from space 512K, 43% used [0x000000076d280000,0x000000076d2b8000,0x000000076d300000)
  to   space 512K, 0% used [0x000000076d200000,0x000000076d200000,0x000000076d280000)
 ParOldGen       total 175104K, used 84459K [0x00000006c1000000, 0x00000006cbb00000, 0x000000076b000000)
  object space 175104K, 48% used [0x00000006c1000000,0x00000006c627ad20,0x00000006cbb00000)
 Metaspace       used 5427K, capacity 5969K, committed 6016K, reserved 1056768K
  class space    used 567K, capacity 595K, committed 640K, reserved 1048576K
}

